mpicc -std=c99 -Wall -Wextra -Wunused -Wcast-qual -Wcast-align -Wmissing-declarations -DGPUGEN="(52)" -DGPUVER="(52)" -DCUB_AVAILABLE -DREPORT_TOTAL_ELAPSED_TIME -DMONITOR_ENERGY_ERROR -DBUILD_LET_ON_DEVICE -DLET_COMMUNICATION_VIA_HOST -DRETURN_CENTER_BY_PHKEY_GENERATOR -DWALK_TREE_COMBINED_MODEL -DMAKE_TREE_ON_DEVICE -DBLOCK_TIME_STEP -DGADGET_MAC -DWS93_MAC -DGENERATE_PHKEY_ON_DEVICE -DCALC_MULTIPOLE_ON_DEVICE -DLOCALIZE_I_PARTICLES -DBRUTE_FORCE_LOCALIZATION -DFACILE_NEIGHBOR_SEARCH -DUSE_BRENT_METHOD -DIJ_PARALLELIZATION -DUSE_HDF5_FORMAT -DHDF5_FOR_ZINDAIJI -DNDEBUG  -O3 -ffast-math -funroll-loops -mavx2 -I/home/ymiki/inc           -I/opt/HDF5/1.8.16/include    -o bin/obj/gothic.mpi.hdf5.o -c src/main/gothic.c
In file included from src/main/gothic.c:28:0:
/home/ymiki/inc/macro.h:446:13: 警告: ‘ilog2’ が定義されましたが使用されません [-Wunused-function]
 static uint ilog2(uint x)
             ^
/home/ymiki/inc/macro.h:474:12: 警告: ‘lcm’ が定義されましたが使用されません [-Wunused-function]
 static int lcm(int m, int n)
            ^
nvcc -Xptxas -v -Xptxas -warn-spills -Xptxas -warn-lmem-usage -gencode=arch=compute_52,code=sm_52 -DGPUGEN="(52)" -DGPUVER="(52)" -lineinfo -DUSE_GPU_FOR_MONITOR -DCUB_AVAILABLE -DSM520 -DBUILD_LET_ON_DEVICE -DLET_COMMUNICATION_VIA_HOST -DRETURN_CENTER_BY_PHKEY_GENERATOR -DWALK_TREE_COMBINED_MODEL -DMAKE_TREE_ON_DEVICE -DBLOCK_TIME_STEP -DGADGET_MAC -DWS93_MAC -DGENERATE_PHKEY_ON_DEVICE -DCALC_MULTIPOLE_ON_DEVICE -DLOCALIZE_I_PARTICLES -DBRUTE_FORCE_LOCALIZATION -DFACILE_NEIGHBOR_SEARCH -DUSE_BRENT_METHOD -DIJ_PARALLELIZATION -DNDEBUG             -I/home/ymiki/inc -I/opt/CUDA/7.5/include -I/opt/CUDA/7.5/samples/common/inc -DGPUS_PER_NODE="(2)" -DGPUS_PER_PROCESS="(1)" -DP2P_ACCESS_AVAILABLE -DCONTINUOUS_GPU_ID -I/opt/CUB/1.5.2 -I/opt/MPI/mvapich2/2.1/include    -o bin/obj/make_dev.mpi.o -c src/tree/make_dev.cu
ptxas info    : 0 bytes gmem, 36 bytes cmem[3]
ptxas info    : Compiling entry function '_Z15linkTree_kerneliPK8treecellPKbPjPiS4_S5_S5_S5_S5_' for 'sm_52'
ptxas info    : Function properties for _Z15linkTree_kerneliPK8treecellPKbPjPiS4_S5_S5_S5_S5_
    0 bytes stack frame, 0 bytes spill stores, 0 bytes spill loads
ptxas info    : Used 23 registers, 1024 bytes smem, 400 bytes cmem[0], 12 bytes cmem[2]
ptxas info    : Compiling entry function '_Z25initTreeCellOffset_kerneliiP8treecellPmPjS2_PbS2_i' for 'sm_52'
ptxas info    : Function properties for _Z25initTreeCellOffset_kerneliiP8treecellPmPjS2_PbS2_i
    0 bytes stack frame, 0 bytes spill stores, 0 bytes spill loads
ptxas info    : Used 21 registers, 380 bytes cmem[0], 4 bytes cmem[2]
ptxas info    : Compiling entry function '_Z19initTreeBody_kernelP9jparticlePfS1_' for 'sm_52'
ptxas info    : Function properties for _Z19initTreeBody_kernelP9jparticlePfS1_
    0 bytes stack frame, 0 bytes spill stores, 0 bytes spill loads
ptxas info    : Used 14 registers, 344 bytes cmem[0]
ptxas info    : Compiling entry function '_Z19initTreeLink_kerneliPi' for 'sm_52'
ptxas info    : Function properties for _Z19initTreeLink_kerneliPi
    0 bytes stack frame, 0 bytes spill stores, 0 bytes spill loads
ptxas info    : Used 4 registers, 336 bytes cmem[0]
ptxas info    : Compiling entry function '_Z20calcMultipole_kerneliPK6PHinfoPK8treecellPKbPK8positionPKjSB_PKiP9jparticlePfSG_PiSH_SG_SH_SH_SH_' for 'sm_52'
ptxas info    : Function properties for _Z20calcMultipole_kerneliPK6PHinfoPK8treecellPKbPK8positionPKjSB_PKiP9jparticlePfSG_PiSH_SG_SH_SH_SH_
    0 bytes stack frame, 0 bytes spill stores, 0 bytes spill loads
ptxas info    : Used 64 registers, 12288 bytes smem, 456 bytes cmem[0], 48 bytes cmem[2]
ptxas info    : Compiling entry function '_Z22initPHhierarchy_kernelP6PHinfo' for 'sm_52'
ptxas info    : Function properties for _Z22initPHhierarchy_kernelP6PHinfo
    0 bytes stack frame, 0 bytes spill stores, 0 bytes spill loads
ptxas info    : Used 8 registers, 328 bytes cmem[0], 4 bytes cmem[2]
ptxas info    : Compiling entry function '_Z19enforceBarnesHutMACiP12accelerationiP9jparticlePfPKf' for 'sm_52'
ptxas info    : Function properties for _Z19enforceBarnesHutMACiP12accelerationiP9jparticlePfPKf
    0 bytes stack frame, 0 bytes spill stores, 0 bytes spill loads
ptxas info    : Used 11 registers, 368 bytes cmem[0]
ptxas info    : Compiling entry function '_Z15makeTree_kernelPiP6PHinfoS_P8treecellPmPbPjS6_PKmS_PViS_S_S_S_' for 'sm_52'
ptxas info    : Function properties for _Z15makeTree_kernelPiP6PHinfoS_P8treecellPmPbPjS6_PKmS_PViS_S_S_S_
    0 bytes stack frame, 0 bytes spill stores, 0 bytes spill loads
ptxas info    : Used 64 registers, 2912 bytes smem, 440 bytes cmem[0], 8 bytes cmem[2]
ptxas info    : Compiling entry function '_Z19initTreeCell_kerneliP8treecellPmPjS2_PbS2_i' for 'sm_52'
ptxas info    : Function properties for _Z19initTreeCell_kerneliP8treecellPmPjS2_PbS2_i
    0 bytes stack frame, 0 bytes spill stores, 0 bytes spill loads
ptxas info    : Used 21 registers, 380 bytes cmem[0], 4 bytes cmem[2]
ptxas info    : Compiling entry function '_Z17recoverGADGET_MACiP9jparticlePKf' for 'sm_52'
ptxas info    : Function properties for _Z17recoverGADGET_MACiP9jparticlePKf
    0 bytes stack frame, 0 bytes spill stores, 0 bytes spill loads
ptxas info    : Used 10 registers, 344 bytes cmem[0]
ptxas info    : Compiling entry function '_Z19initTreeNode_kerneliPjPi' for 'sm_52'
ptxas info    : Function properties for _Z19initTreeNode_kerneliPjPi
    0 bytes stack frame, 0 bytes spill stores, 0 bytes spill loads
ptxas info    : Used 7 registers, 344 bytes cmem[0]
ptxas info    : Compiling entry function '_Z19copyRealBody_kerneliPKiPK8positionP9jparticlePf' for 'sm_52'
ptxas info    : Function properties for _Z19copyRealBody_kerneliPKiPK8positionP9jparticlePf
    0 bytes stack frame, 0 bytes spill stores, 0 bytes spill loads
ptxas info    : Used 14 registers, 360 bytes cmem[0]
ptxas info    : Compiling entry function '_Z16initGsync_kerneliPiS_' for 'sm_52'
ptxas info    : Function properties for _Z16initGsync_kerneliPiS_
    0 bytes stack frame, 0 bytes spill stores, 0 bytes spill loads
ptxas info    : Used 6 registers, 344 bytes cmem[0]
ptxas info    : Compiling entry function '_Z15trimTree_kerneliiPK8treecellPKbPKjS5_PiPj' for 'sm_52'
ptxas info    : Function properties for _Z15trimTree_kerneliiPK8treecellPKbPKjS5_PiPj
    0 bytes stack frame, 0 bytes spill stores, 0 bytes spill loads
ptxas info    : Used 22 registers, 376 bytes cmem[0], 12 bytes cmem[2]
nvcc -Xptxas -v -Xptxas -warn-spills -Xptxas -warn-lmem-usage -gencode=arch=compute_52,code=sm_52 -DGPUGEN="(52)" -DGPUVER="(52)" -lineinfo -DUSE_GPU_FOR_MONITOR -DCUB_AVAILABLE -DSM520 -DBUILD_LET_ON_DEVICE -DLET_COMMUNICATION_VIA_HOST -DRETURN_CENTER_BY_PHKEY_GENERATOR -DWALK_TREE_COMBINED_MODEL -DMAKE_TREE_ON_DEVICE -DBLOCK_TIME_STEP -DGADGET_MAC -DWS93_MAC -DGENERATE_PHKEY_ON_DEVICE -DCALC_MULTIPOLE_ON_DEVICE -DLOCALIZE_I_PARTICLES -DBRUTE_FORCE_LOCALIZATION -DFACILE_NEIGHBOR_SEARCH -DUSE_BRENT_METHOD -DIJ_PARALLELIZATION -DNDEBUG             -I/home/ymiki/inc -I/opt/CUDA/7.5/include -I/opt/CUDA/7.5/samples/common/inc -DGPUS_PER_NODE="(2)" -DGPUS_PER_PROCESS="(1)" -DP2P_ACCESS_AVAILABLE -DCONTINUOUS_GPU_ID -I/opt/CUB/1.5.2 -I/opt/MPI/mvapich2/2.1/include    -o bin/obj/walk_dev.mpi.o -c src/tree/walk_dev.cu
ptxas info    : 0 bytes gmem, 32 bytes cmem[3]
ptxas info    : Compiling entry function '_Z14initAcc_kernelP12accelerationiPK8laneinfoS0_' for 'sm_52'
ptxas info    : Function properties for _Z14initAcc_kernelP12accelerationiPK8laneinfoS0_
    0 bytes stack frame, 0 bytes spill stores, 0 bytes spill loads
ptxas info    : Used 14 registers, 352 bytes cmem[0]
ptxas info    : Compiling entry function '_Z14calcAcc_kernelPK8laneinfoPK8positionP5jnodePK12accelerationiPKjPK9jparticlePKfPjSH_iPiPy' for 'sm_52'
ptxas info    : Function properties for _Z14calcAcc_kernelPK8laneinfoPK8positionP5jnodePK12accelerationiPKjPK9jparticlePKfPjSH_iPiPy
    0 bytes stack frame, 0 bytes spill stores, 0 bytes spill loads
ptxas info    : Used 64 registers, 24576 bytes smem, 424 bytes cmem[0], 28 bytes cmem[2]
ptxas info    : Compiling entry function '_Z11initFreeLstiPjiPKi' for 'sm_52'
ptxas info    : Function properties for _Z11initFreeLstiPjiPKi
    0 bytes stack frame, 0 bytes spill stores, 0 bytes spill loads
ptxas info    : Used 7 registers, 352 bytes cmem[0]
ptxas info    : Compiling entry function '_Z14trimAcc_kernelP12accelerationPK8positioniPK8laneinfo' for 'sm_52'
ptxas info    : Function properties for _Z14trimAcc_kernelP12accelerationPK8positioniPK8laneinfo
    0 bytes stack frame, 0 bytes spill stores, 0 bytes spill loads
ptxas info    : Used 10 registers, 352 bytes cmem[0]
nvcc -Xptxas -v -Xptxas -warn-spills -Xptxas -warn-lmem-usage -gencode=arch=compute_52,code=sm_52 -DGPUGEN="(52)" -DGPUVER="(52)" -lineinfo -DUSE_GPU_FOR_MONITOR -DCUB_AVAILABLE -DSM520 -DBUILD_LET_ON_DEVICE -DLET_COMMUNICATION_VIA_HOST -DRETURN_CENTER_BY_PHKEY_GENERATOR -DWALK_TREE_COMBINED_MODEL -DMAKE_TREE_ON_DEVICE -DBLOCK_TIME_STEP -DGADGET_MAC -DWS93_MAC -DGENERATE_PHKEY_ON_DEVICE -DCALC_MULTIPOLE_ON_DEVICE -DLOCALIZE_I_PARTICLES -DBRUTE_FORCE_LOCALIZATION -DFACILE_NEIGHBOR_SEARCH -DUSE_BRENT_METHOD -DIJ_PARALLELIZATION -DNDEBUG             -I/home/ymiki/inc -I/opt/CUDA/7.5/include -I/opt/CUDA/7.5/samples/common/inc -DGPUS_PER_NODE="(2)" -DGPUS_PER_PROCESS="(1)" -DP2P_ACCESS_AVAILABLE -DCONTINUOUS_GPU_ID -I/opt/CUB/1.5.2 -I/opt/MPI/mvapich2/2.1/include    -o bin/obj/let_dev.mpi.o -c src/tree/let_dev.cu
ptxas warning : Local memory used for function '_Z14makeLET_kernel8positionfPiPKjPK9jparticlePKfPjPS3_PfS8_S8_iS0_'
ptxas info    : 0 bytes gmem
ptxas info    : Compiling entry function '_Z14makeLET_kernel8positionfPiPKjPK9jparticlePKfPjPS3_PfS8_S8_iS0_' for 'sm_52'
ptxas info    : Function properties for _Z14makeLET_kernel8positionfPiPKjPK9jparticlePKfPjPS3_PfS8_S8_iS0_
    16 bytes stack frame, 0 bytes spill stores, 0 bytes spill loads
ptxas info    : Used 48 registers, 24576 bytes smem, 432 bytes cmem[0], 24 bytes cmem[2]
mpicc -std=c99 -Wall -Wextra -Wunused -Wcast-qual -Wcast-align -Wmissing-declarations -DGPUGEN="(52)" -DGPUVER="(52)" -DCUB_AVAILABLE -DREPORT_TOTAL_ELAPSED_TIME -DMONITOR_ENERGY_ERROR -DBUILD_LET_ON_DEVICE -DLET_COMMUNICATION_VIA_HOST -DRETURN_CENTER_BY_PHKEY_GENERATOR -DWALK_TREE_COMBINED_MODEL -DMAKE_TREE_ON_DEVICE -DBLOCK_TIME_STEP -DGADGET_MAC -DWS93_MAC -DGENERATE_PHKEY_ON_DEVICE -DCALC_MULTIPOLE_ON_DEVICE -DLOCALIZE_I_PARTICLES -DBRUTE_FORCE_LOCALIZATION -DFACILE_NEIGHBOR_SEARCH -DUSE_BRENT_METHOD -DIJ_PARALLELIZATION -DUSE_HDF5_FORMAT -DHDF5_FOR_ZINDAIJI -DNDEBUG  -O3 -ffast-math -funroll-loops -mavx2 -I/home/ymiki/inc              -o bin/obj/let.mpi.o -c src/tree/let.c
In file included from src/tree/let.c:19:0:
/home/ymiki/inc/macro.h:446:13: 警告: ‘ilog2’ が定義されましたが使用されません [-Wunused-function]
 static uint ilog2(uint x)
             ^
/home/ymiki/inc/macro.h:474:12: 警告: ‘lcm’ が定義されましたが使用されません [-Wunused-function]
 static int lcm(int m, int n)
            ^
mpicc -std=c99 -Wall -Wextra -Wunused -Wcast-qual -Wcast-align -Wmissing-declarations   -o bin/gothic   bin/obj/gothic.mpi.hdf5.o   bin/obj/io.mpi.hdf5.o   bin/obj/allocate.mpi.hdf5.o   bin/obj/convert.mpi.hdf5.o   bin/obj/peano.o   bin/obj/make.o   bin/obj/macutil.o  bin/obj/allocate_dev.o  bin/obj/shrink_dev.o  bin/obj/make_dev.mpi.o  bin/obj/adv_dev.mpi.o  bin/obj/walk_dev.mpi.o  bin/obj/neighbor_dev.mpi.o  bin/obj/let_dev.mpi.o  bin/obj/geo_dev.mpi.o   bin/obj/let.mpi.o   bin/obj/exchange.mpi.o   bin/obj/mpicfg.mpi.o  bin/obj/peano_dev.o   bin/obj/brent.o  -lm -L/opt/CUDA/7.5/lib64 -lcudart -lstdc++ -L/home/ymiki/lib -lSPmyutil -lSPconstants -lSPtimer -lSPmpilib -lSPcudalib -lSPhdf5lib -L/opt/HDF5/1.8.16/lib -lhdf5 -L/opt/Szip/2.1/lib -lsz -lz -ldl
